Analysis & Synthesis report for counter_v4
Sun Jul 02 20:28:06 2023
Version 6.0 Build 202 06/20/2006 Service Pack 1 SJ Full Version


---------------------
; Table of Contents ;
---------------------
  1. Legal Notice
  2. Analysis & Synthesis Summary
  3. Analysis & Synthesis Settings
  4. Analysis & Synthesis Source Files Read
  5. Analysis & Synthesis Resource Usage Summary
  6. Analysis & Synthesis Resource Utilization by Entity
  7. General Register Statistics
  8. Parameter Settings for User Entity Instance: 7485:inst2
  9. Parameter Settings for User Entity Instance: 7485:inst9
 10. Parameter Settings for User Entity Instance: 7485:inst6
 11. Parameter Settings for User Entity Instance: 7485:inst5
 12. Parameter Settings for User Entity Instance: 7485:inst4
 13. Analysis & Synthesis Messages



----------------
; Legal Notice ;
----------------
Copyright (C) 1991-2006 Altera Corporation
Your use of Altera Corporation's design tools, logic functions 
and other software and tools, and its AMPP partner logic 
functions, and any output files any of the foregoing 
(including device programming or simulation files), and any 
associated documentation or information are expressly subject 
to the terms and conditions of the Altera Program License 
Subscription Agreement, Altera MegaCore Function License 
Agreement, or other applicable license agreement, including, 
without limitation, that your use is for the sole purpose of 
programming logic devices manufactured by Altera and sold by 
Altera or its authorized distributors.  Please refer to the 
applicable agreement for further details.



+-----------------------------------------------------------------------------+
; Analysis & Synthesis Summary                                                ;
+-----------------------------+-----------------------------------------------+
; Analysis & Synthesis Status ; Successful - Sun Jul 02 20:28:06 2023         ;
; Quartus II Version          ; 6.0 Build 202 06/20/2006 SP 1 SJ Full Version ;
; Revision Name               ; counter_v4                                    ;
; Top-level Entity Name       ; counter_v4                                    ;
; Family                      ; ACEX1K                                        ;
; Total logic elements        ; 201                                           ;
; Total pins                  ; 57                                            ;
; Total memory bits           ; 0                                             ;
; Total PLLs                  ; 0                                             ;
+-----------------------------+-----------------------------------------------+


+--------------------------------------------------------------------------------------------+
; Analysis & Synthesis Settings                                                              ;
+------------------------------------------------------------+---------------+---------------+
; Option                                                     ; Setting       ; Default Value ;
+------------------------------------------------------------+---------------+---------------+
; Device                                                     ; EP1K30TC144-1 ;               ;
; Top-level entity name                                      ; counter_v4    ; counter_v4    ;
; Family name                                                ; ACEX1K        ; Stratix       ;
; Use smart compilation                                      ; Off           ; Off           ;
; Create Debugging Nodes for IP Cores                        ; Off           ; Off           ;
; Preserve fewer node names                                  ; On            ; On            ;
; Disable OpenCore Plus hardware evaluation                  ; Off           ; Off           ;
; Verilog Version                                            ; Verilog_2001  ; Verilog_2001  ;
; VHDL Version                                               ; VHDL93        ; VHDL93        ;
; State Machine Processing                                   ; Auto          ; Auto          ;
; Extract Verilog State Machines                             ; On            ; On            ;
; Extract VHDL State Machines                                ; On            ; On            ;
; Add Pass-Through Logic to Inferred RAMs                    ; On            ; On            ;
; NOT Gate Push-Back                                         ; On            ; On            ;
; Power-Up Don't Care                                        ; On            ; On            ;
; Remove Redundant Logic Cells                               ; Off           ; Off           ;
; Remove Duplicate Registers                                 ; On            ; On            ;
; Ignore CARRY Buffers                                       ; Off           ; Off           ;
; Ignore CASCADE Buffers                                     ; Off           ; Off           ;
; Ignore GLOBAL Buffers                                      ; Off           ; Off           ;
; Ignore ROW GLOBAL Buffers                                  ; Off           ; Off           ;
; Ignore LCELL Buffers                                       ; Off           ; Off           ;
; Ignore SOFT Buffers                                        ; On            ; On            ;
; Limit AHDL Integers to 32 Bits                             ; Off           ; Off           ;
; Auto Implement in ROM                                      ; Off           ; Off           ;
; Optimization Technique -- FLEX 10K/10KE/10KA/ACEX 1K       ; Area          ; Area          ;
; Carry Chain Length -- FLEX 10K                             ; 32            ; 32            ;
; Cascade Chain Length                                       ; 2             ; 2             ;
; Auto Carry Chains                                          ; On            ; On            ;
; Auto Open-Drain Pins                                       ; On            ; On            ;
; Remove Duplicate Logic                                     ; On            ; On            ;
; Auto ROM Replacement                                       ; On            ; On            ;
; Auto RAM Replacement                                       ; On            ; On            ;
; Auto Clock Enable Replacement                              ; On            ; On            ;
; Auto Resource Sharing                                      ; Off           ; Off           ;
; Allow Any RAM Size For Recognition                         ; Off           ; Off           ;
; Allow Any ROM Size For Recognition                         ; Off           ; Off           ;
; Ignore translate_off and translate_on Synthesis Directives ; Off           ; Off           ;
; Show Parameter Settings Tables in Synthesis Report         ; On            ; On            ;
; HDL message level                                          ; Level2        ; Level2        ;
+------------------------------------------------------------+---------------+---------------+


+---------------------------------------------------------------------------------------------------------------------------------------------------+
; Analysis & Synthesis Source Files Read                                                                                                            ;
+----------------------------------+-----------------+------------------------------------+---------------------------------------------------------+
; File Name with User-Entered Path ; Used in Netlist ; File Type                          ; File Name with Absolute Path                            ;
+----------------------------------+-----------------+------------------------------------+---------------------------------------------------------+
; counter_v4.bdf                   ; yes             ; User Block Diagram/Schematic File  ; C:/counter_v4/counter_v4.bdf                            ;
; 74194.bdf                        ; yes             ; Megafunction                       ; c:/altera/quartus60/libraries/others/maxplus2/74194.bdf ;
; 7485.tdf                         ; yes             ; Megafunction                       ; c:/altera/quartus60/libraries/others/maxplus2/7485.tdf  ;
; aglobal.inc                      ; yes             ; Other                              ; c:/altera/quartus60/libraries/megafunctions/aglobal.inc ;
; f7485.bdf                        ; yes             ; Megafunction                       ; c:/altera/quartus60/libraries/others/maxplus2/f7485.bdf ;
; 74138.bdf                        ; yes             ; Megafunction                       ; c:/altera/quartus60/libraries/others/maxplus2/74138.bdf ;
; 74192.bdf                        ; yes             ; Megafunction                       ; c:/altera/quartus60/libraries/others/maxplus2/74192.bdf ;
+----------------------------------+-----------------+------------------------------------+---------------------------------------------------------+


+---------------------------------------------+
; Analysis & Synthesis Resource Usage Summary ;
+---------------------------------+-----------+
; Resource                        ; Usage     ;
+---------------------------------+-----------+
; Total logic elements            ; 201       ;
; Total combinational functions   ; 200       ;
;     -- Total 4-input functions  ; 104       ;
;     -- Total 3-input functions  ; 54        ;
;     -- Total 2-input functions  ; 22        ;
;     -- Total 1-input functions  ; 19        ;
;     -- Total 0-input functions  ; 1         ;
; Combinational cells for routing ; 0         ;
; Total registers                 ; 36        ;
; I/O pins                        ; 57        ;
; Maximum fan-out node            ; d         ;
; Maximum fan-out                 ; 44        ;
; Total fan-out                   ; 780       ;
; Average fan-out                 ; 3.02      ;
+---------------------------------+-----------+


+------------------------------------------------------------------------------------------------------------------------------------------------------------------------------------------------------+
; Analysis & Synthesis Resource Utilization by Entity                                                                                                                                                  ;
+----------------------------+-------------+--------------+-------------+------+--------------+-------------------+------------------+-----------------+------------+----------------------------------+
; Compilation Hierarchy Node ; Logic Cells ; LC Registers ; Memory Bits ; Pins ; LUT-Only LCs ; Register-Only LCs ; LUT/Register LCs ; Carry Chain LCs ; Packed LCs ; Full Hierarchy Name              ;
+----------------------------+-------------+--------------+-------------+------+--------------+-------------------+------------------+-----------------+------------+----------------------------------+
; |counter_v4                ; 201 (44)    ; 36           ; 0           ; 57   ; 165 (44)     ; 1 (0)             ; 35 (0)           ; 0 (0)           ; 0 (0)      ; |counter_v4                      ;
;    |74138:inst34|          ; 3 (3)       ; 0            ; 0           ; 0    ; 3 (3)        ; 0 (0)             ; 0 (0)            ; 0 (0)           ; 0 (0)      ; |counter_v4|74138:inst34         ;
;    |74192:inst11|          ; 26 (26)     ; 4            ; 0           ; 0    ; 22 (22)      ; 0 (0)             ; 4 (4)            ; 0 (0)           ; 0 (0)      ; |counter_v4|74192:inst11         ;
;    |74192:inst14|          ; 29 (29)     ; 4            ; 0           ; 0    ; 25 (25)      ; 0 (0)             ; 4 (4)            ; 0 (0)           ; 0 (0)      ; |counter_v4|74192:inst14         ;
;    |74192:inst27|          ; 8 (8)       ; 4            ; 0           ; 0    ; 4 (4)        ; 0 (0)             ; 4 (4)            ; 0 (0)           ; 0 (0)      ; |counter_v4|74192:inst27         ;
;    |74192:inst3|           ; 31 (31)     ; 4            ; 0           ; 0    ; 27 (27)      ; 0 (0)             ; 4 (4)            ; 0 (0)           ; 0 (0)      ; |counter_v4|74192:inst3          ;
;    |74192:inst8|           ; 30 (30)     ; 4            ; 0           ; 0    ; 26 (26)      ; 0 (0)             ; 4 (4)            ; 0 (0)           ; 0 (0)      ; |counter_v4|74192:inst8          ;
;    |74194:inst10|          ; 5 (5)       ; 4            ; 0           ; 0    ; 1 (1)        ; 0 (0)             ; 4 (4)            ; 0 (0)           ; 0 (0)      ; |counter_v4|74194:inst10         ;
;    |74194:inst18|          ; 5 (5)       ; 4            ; 0           ; 0    ; 1 (1)        ; 0 (0)             ; 4 (4)            ; 0 (0)           ; 0 (0)      ; |counter_v4|74194:inst18         ;
;    |74194:inst19|          ; 4 (4)       ; 4            ; 0           ; 0    ; 0 (0)        ; 1 (1)             ; 3 (3)            ; 0 (0)           ; 0 (0)      ; |counter_v4|74194:inst19         ;
;    |74194:inst1|           ; 4 (4)       ; 4            ; 0           ; 0    ; 0 (0)        ; 0 (0)             ; 4 (4)            ; 0 (0)           ; 0 (0)      ; |counter_v4|74194:inst1          ;
;    |7485:inst2|            ; 3 (0)       ; 0            ; 0           ; 0    ; 3 (0)        ; 0 (0)             ; 0 (0)            ; 0 (0)           ; 0 (0)      ; |counter_v4|7485:inst2           ;
;       |f7485:sub|          ; 3 (3)       ; 0            ; 0           ; 0    ; 3 (3)        ; 0 (0)             ; 0 (0)            ; 0 (0)           ; 0 (0)      ; |counter_v4|7485:inst2|f7485:sub ;
;    |7485:inst4|            ; 2 (0)       ; 0            ; 0           ; 0    ; 2 (0)        ; 0 (0)             ; 0 (0)            ; 0 (0)           ; 0 (0)      ; |counter_v4|7485:inst4           ;
;       |f7485:sub|          ; 2 (2)       ; 0            ; 0           ; 0    ; 2 (2)        ; 0 (0)             ; 0 (0)            ; 0 (0)           ; 0 (0)      ; |counter_v4|7485:inst4|f7485:sub ;
;    |7485:inst5|            ; 2 (0)       ; 0            ; 0           ; 0    ; 2 (0)        ; 0 (0)             ; 0 (0)            ; 0 (0)           ; 0 (0)      ; |counter_v4|7485:inst5           ;
;       |f7485:sub|          ; 2 (2)       ; 0            ; 0           ; 0    ; 2 (2)        ; 0 (0)             ; 0 (0)            ; 0 (0)           ; 0 (0)      ; |counter_v4|7485:inst5|f7485:sub ;
;    |7485:inst6|            ; 2 (0)       ; 0            ; 0           ; 0    ; 2 (0)        ; 0 (0)             ; 0 (0)            ; 0 (0)           ; 0 (0)      ; |counter_v4|7485:inst6           ;
;       |f7485:sub|          ; 2 (2)       ; 0            ; 0           ; 0    ; 2 (2)        ; 0 (0)             ; 0 (0)            ; 0 (0)           ; 0 (0)      ; |counter_v4|7485:inst6|f7485:sub ;
;    |7485:inst9|            ; 3 (0)       ; 0            ; 0           ; 0    ; 3 (0)        ; 0 (0)             ; 0 (0)            ; 0 (0)           ; 0 (0)      ; |counter_v4|7485:inst9           ;
;       |f7485:sub|          ; 3 (3)       ; 0            ; 0           ; 0    ; 3 (3)        ; 0 (0)             ; 0 (0)            ; 0 (0)           ; 0 (0)      ; |counter_v4|7485:inst9|f7485:sub ;
+----------------------------+-------------+--------------+-------------+------+--------------+-------------------+------------------+-----------------+------------+----------------------------------+
Note: For table entries with two numbers listed, the numbers in parentheses indicate the number of resources of the given type used by the specific entity alone. The numbers listed outside of parentheses indicate the total resources of the given type used by the specific entity and all of its sub-entities in the hierarchy.


+------------------------------------------------------+
; General Register Statistics                          ;
+----------------------------------------------+-------+
; Statistic                                    ; Value ;
+----------------------------------------------+-------+
; Total registers                              ; 36    ;
; Number of registers using Synchronous Clear  ; 0     ;
; Number of registers using Synchronous Load   ; 0     ;
; Number of registers using Asynchronous Clear ; 20    ;
; Number of registers using Asynchronous Load  ; 16    ;
; Number of registers using Clock Enable       ; 16    ;
; Number of registers using Preset             ; 0     ;
+----------------------------------------------+-------+


+---------------------------------------------------------+
; Parameter Settings for User Entity Instance: 7485:inst2 ;
+------------------------+--------+-----------------------+
; Parameter Name         ; Value  ; Type                  ;
+------------------------+--------+-----------------------+
; DEVICE_FAMILY          ; ACEX1K ; Untyped               ;
; AUTO_CARRY_CHAINS      ; ON     ; AUTO_CARRY            ;
; IGNORE_CARRY_BUFFERS   ; OFF    ; IGNORE_CARRY          ;
; AUTO_CASCADE_CHAINS    ; ON     ; AUTO_CASCADE          ;
; IGNORE_CASCADE_BUFFERS ; OFF    ; IGNORE_CASCADE        ;
+------------------------+--------+-----------------------+
Note: In order to hide this table in the UI and the text report file, please set the "Show Parameter Settings Tables in Synthesis Report" option in "Analysis and Synthesis Settings -> More Settings" to "Off".


+---------------------------------------------------------+
; Parameter Settings for User Entity Instance: 7485:inst9 ;
+------------------------+--------+-----------------------+
; Parameter Name         ; Value  ; Type                  ;
+------------------------+--------+-----------------------+
; DEVICE_FAMILY          ; ACEX1K ; Untyped               ;
; AUTO_CARRY_CHAINS      ; ON     ; AUTO_CARRY            ;
; IGNORE_CARRY_BUFFERS   ; OFF    ; IGNORE_CARRY          ;
; AUTO_CASCADE_CHAINS    ; ON     ; AUTO_CASCADE          ;
; IGNORE_CASCADE_BUFFERS ; OFF    ; IGNORE_CASCADE        ;
+------------------------+--------+-----------------------+
Note: In order to hide this table in the UI and the text report file, please set the "Show Parameter Settings Tables in Synthesis Report" option in "Analysis and Synthesis Settings -> More Settings" to "Off".


+---------------------------------------------------------+
; Parameter Settings for User Entity Instance: 7485:inst6 ;
+------------------------+--------+-----------------------+
; Parameter Name         ; Value  ; Type                  ;
+------------------------+--------+-----------------------+
; DEVICE_FAMILY          ; ACEX1K ; Untyped               ;
; AUTO_CARRY_CHAINS      ; ON     ; AUTO_CARRY            ;
; IGNORE_CARRY_BUFFERS   ; OFF    ; IGNORE_CARRY          ;
; AUTO_CASCADE_CHAINS    ; ON     ; AUTO_CASCADE          ;
; IGNORE_CASCADE_BUFFERS ; OFF    ; IGNORE_CASCADE        ;
+------------------------+--------+-----------------------+
Note: In order to hide this table in the UI and the text report file, please set the "Show Parameter Settings Tables in Synthesis Report" option in "Analysis and Synthesis Settings -> More Settings" to "Off".


+---------------------------------------------------------+
; Parameter Settings for User Entity Instance: 7485:inst5 ;
+------------------------+--------+-----------------------+
; Parameter Name         ; Value  ; Type                  ;
+------------------------+--------+-----------------------+
; DEVICE_FAMILY          ; ACEX1K ; Untyped               ;
; AUTO_CARRY_CHAINS      ; ON     ; AUTO_CARRY            ;
; IGNORE_CARRY_BUFFERS   ; OFF    ; IGNORE_CARRY          ;
; AUTO_CASCADE_CHAINS    ; ON     ; AUTO_CASCADE          ;
; IGNORE_CASCADE_BUFFERS ; OFF    ; IGNORE_CASCADE        ;
+------------------------+--------+-----------------------+
Note: In order to hide this table in the UI and the text report file, please set the "Show Parameter Settings Tables in Synthesis Report" option in "Analysis and Synthesis Settings -> More Settings" to "Off".


+---------------------------------------------------------+
; Parameter Settings for User Entity Instance: 7485:inst4 ;
+------------------------+--------+-----------------------+
; Parameter Name         ; Value  ; Type                  ;
+------------------------+--------+-----------------------+
; DEVICE_FAMILY          ; ACEX1K ; Untyped               ;
; AUTO_CARRY_CHAINS      ; ON     ; AUTO_CARRY            ;
; IGNORE_CARRY_BUFFERS   ; OFF    ; IGNORE_CARRY          ;
; AUTO_CASCADE_CHAINS    ; ON     ; AUTO_CASCADE          ;
; IGNORE_CASCADE_BUFFERS ; OFF    ; IGNORE_CASCADE        ;
+------------------------+--------+-----------------------+
Note: In order to hide this table in the UI and the text report file, please set the "Show Parameter Settings Tables in Synthesis Report" option in "Analysis and Synthesis Settings -> More Settings" to "Off".


+-------------------------------+
; Analysis & Synthesis Messages ;
+-------------------------------+
Info: *******************************************************************
Info: Running Quartus II Analysis & Synthesis
    Info: Version 6.0 Build 202 06/20/2006 Service Pack 1 SJ Full Version
    Info: Processing started: Sun Jul 02 20:28:05 2023
Info: Command: quartus_map --read_settings_files=on --write_settings_files=off counter_v4 -c counter_v4
Info: Found 1 design units, including 1 entities, in source file counter_v4.bdf
    Info: Found entity 1: counter_v4
Info: Elaborating entity "counter_v4" for the top level hierarchy
Warning: Port "SLSI" of type 74194 and instance "inst1" is missing source signal
Warning: Port "SRSI" of type 74194 and instance "inst1" is missing source signal
Warning: Port "AEBI" of type 7485 and instance "inst2" is missing source signal
Warning: Port "AGBI" of type 7485 and instance "inst2" is missing source signal
Warning: Port "ALBI" of type 7485 and instance "inst2" is missing source signal
Warning: Port "G2AN" of type 74138 and instance "inst34" is missing source signal
Warning: Port "G2BN" of type 74138 and instance "inst34" is missing source signal
Warning: Port "D" of type 74192 and instance "inst27" is missing source signal
Warning: Port "C" of type 74192 and instance "inst27" is missing source signal
Warning: Port "A" of type 74192 and instance "inst27" is missing source signal
Warning: Port "B" of type 74192 and instance "inst27" is missing source signal
Warning: Port "DN" of type 74192 and instance "inst27" is missing source signal
Warning: Port "LDN" of type 74192 and instance "inst27" is missing source signal
Warning: Port "G2AN" of type 74138 and instance "inst26" is missing source signal
Warning: Port "G2BN" of type 74138 and instance "inst26" is missing source signal
Warning: Port "SLSI" of type 74194 and instance "inst10" is missing source signal
Warning: Port "SRSI" of type 74194 and instance "inst10" is missing source signal
Warning: Port "SLSI" of type 74194 and instance "inst18" is missing source signal
Warning: Port "SRSI" of type 74194 and instance "inst18" is missing source signal
Warning: Port "SLSI" of type 74194 and instance "inst19" is missing source signal
Warning: Port "SRSI" of type 74194 and instance "inst19" is missing source signal
Info: Found 1 design units, including 1 entities, in source file ../altera/quartus60/libraries/others/maxplus2/74194.bdf
    Info: Found entity 1: 74194
Info: Elaborating entity "74194" for hierarchy "74194:inst1"
Info: Elaborated megafunction instantiation "74194:inst1"
Info: Found 1 design units, including 1 entities, in source file ../altera/quartus60/libraries/others/maxplus2/7485.tdf
    Info: Found entity 1: 7485
Info: Elaborating entity "7485" for hierarchy "7485:inst2"
Info: Elaborated megafunction instantiation "7485:inst2"
Info: Found 1 design units, including 1 entities, in source file ../altera/quartus60/libraries/others/maxplus2/f7485.bdf
    Info: Found entity 1: f7485
Info: Elaborating entity "f7485" for hierarchy "7485:inst2|f7485:sub"
Info: Elaborated megafunction instantiation "7485:inst2|f7485:sub", which is child of megafunction instantiation "7485:inst2"
Info: Found 1 design units, including 1 entities, in source file ../altera/quartus60/libraries/others/maxplus2/74138.bdf
    Info: Found entity 1: 74138
Info: Elaborating entity "74138" for hierarchy "74138:inst34"
Info: Elaborated megafunction instantiation "74138:inst34"
Info: Found 1 design units, including 1 entities, in source file ../altera/quartus60/libraries/others/maxplus2/74192.bdf
    Info: Found entity 1: 74192
Info: Elaborating entity "74192" for hierarchy "74192:inst27"
Info: Elaborated megafunction instantiation "74192:inst27"
Info: Elaborating entity "7485" for hierarchy "7485:inst9"
Info: Elaborated megafunction instantiation "7485:inst9"
Info: Elaborating entity "7485" for hierarchy "7485:inst6"
Info: Elaborated megafunction instantiation "7485:inst6"
Info: Elaborating entity "7485" for hierarchy "7485:inst4"
Info: Elaborated megafunction instantiation "7485:inst4"
Warning: Output pins are stuck at VCC or GND
    Warning: Pin "o24" stuck at GND
Info: Implemented 258 device resources after synthesis - the final resource count might be different
    Info: Implemented 13 input pins
    Info: Implemented 44 output pins
    Info: Implemented 201 logic cells
Info: Quartus II Analysis & Synthesis was successful. 0 errors, 23 warnings
    Info: Processing ended: Sun Jul 02 20:28:06 2023
    Info: Elapsed time: 00:00:01


