Flow report for counter_v4
Sun Jul 02 20:28:15 2023
Version 6.0 Build 202 06/20/2006 Service Pack 1 SJ Full Version


---------------------
; Table of Contents ;
---------------------
  1. Legal Notice
  2. Flow Summary
  3. Flow Settings
  4. Flow Non-Default Global Settings
  5. Flow Elapsed Time
  6. Flow Log



----------------
; Legal Notice ;
----------------
Copyright (C) 1991-2006 Altera Corporation
Your use of Altera Corporation's design tools, logic functions 
and other software and tools, and its AMPP partner logic 
functions, and any output files any of the foregoing 
(including device programming or simulation files), and any 
associated documentation or information are expressly subject 
to the terms and conditions of the Altera Program License 
Subscription Agreement, Altera MegaCore Function License 
Agreement, or other applicable license agreement, including, 
without limitation, that your use is for the sole purpose of 
programming logic devices manufactured by Altera and sold by 
Altera or its authorized distributors.  Please refer to the 
applicable agreement for further details.



+-------------------------------------------------------------------------+
; Flow Summary                                                            ;
+-------------------------+-----------------------------------------------+
; Flow Status             ; Successful - Sun Jul 02 20:28:14 2023         ;
; Quartus II Version      ; 6.0 Build 202 06/20/2006 SP 1 SJ Full Version ;
; Revision Name           ; counter_v4                                    ;
; Top-level Entity Name   ; counter_v4                                    ;
; Family                  ; ACEX1K                                        ;
; Device                  ; EP1K30TC144-1                                 ;
; Timing Models           ; Final                                         ;
; Met timing requirements ; No                                            ;
; Total logic elements    ; 201 / 1,728 ( 12 % )                          ;
; Total pins              ; 57 / 102 ( 56 % )                             ;
; Total memory bits       ; 0 / 24,576 ( 0 % )                            ;
; Total PLLs              ; 0 / 1 ( 0 % )                                 ;
+-------------------------+-----------------------------------------------+


+-----------------------------------------+
; Flow Settings                           ;
+-------------------+---------------------+
; Option            ; Setting             ;
+-------------------+---------------------+
; Start date & time ; 07/02/2023 20:28:05 ;
; Main task         ; Compilation         ;
; Revision Name     ; counter_v4          ;
+-------------------+---------------------+


+--------------------------------------------------------------------+
; Flow Non-Default Global Settings                                   ;
+-----------------+-------+---------------+-------------+------------+
; Assignment Name ; Value ; Default Value ; Entity Name ; Section Id ;
+-----------------+-------+---------------+-------------+------------+


+-------------------------------------+
; Flow Elapsed Time                   ;
+----------------------+--------------+
; Module Name          ; Elapsed Time ;
+----------------------+--------------+
; Analysis & Synthesis ; 00:00:01     ;
; Fitter               ; 00:00:03     ;
; Assembler            ; 00:00:01     ;
; Timing Analyzer      ; 00:00:01     ;
; Total                ; 00:00:06     ;
+----------------------+--------------+


------------
; Flow Log ;
------------
quartus_map --read_settings_files=on --write_settings_files=off counter_v4 -c counter_v4
quartus_fit --read_settings_files=off --write_settings_files=off counter_v4 -c counter_v4
quartus_asm --read_settings_files=off --write_settings_files=off counter_v4 -c counter_v4
quartus_tan --read_settings_files=off --write_settings_files=off counter_v4 -c counter_v4



